2026-03-13T15:03:01Z [VERBOSE] State files cleaned, starting fresh
2026-03-13T15:03:01Z [VERBOSE] Tool found: git
2026-03-13T15:03:01Z [VERBOSE] Tool found: jq
2026-03-13T15:03:01Z [VERBOSE] Tool found: openspec
2026-03-13T15:03:01Z [VERBOSE] Detected platform: OpenCode
2026-03-13T15:03:01Z [VERBOSE] Tool found: opencode
2026-03-13T15:03:01Z [VERBOSE] All required skills found
2026-03-13T15:03:01Z [VERBOSE] All required commands found
2026-03-13T15:03:01Z [VERBOSE] Git repository is ready
2026-03-13T15:03:01Z [VERBOSE] Change directory validated
2026-03-13T15:03:01Z [VERBOSE] Baseline recorded: 45e87cb17e11386b021f812b0ec3e6dc22786ee8
2026-03-13T15:03:02Z [VERBOSE] State updated: PHASE0 (iteration 1, complete: false)
2026-03-13T15:03:02Z [VERBOSE] Using command: /osx-phase0
2026-03-13T15:03:02Z [VERBOSE] Using agent: osx-analyzer
2026-03-13T15:03:02Z [VERBOSE] Session title: OpenSpec: add-carapace-completion - ARTIFACT REVIEW
================================
Progress Summary
================================
Change ID: add-carapace-completion
Change directory: openspec/changes/add-carapace-completion

Current phase: PHASE0 - ARTIFACT REVIEW
Phase iteration: 1

Total invocations: 1
Elapsed time: 5m 5s
Log file: .osx-orchestrate-add-carapace-completion.log

Iterations by phase:
  PHASE0 (ARTIFACT REVIEW): 1
  PHASE1 (IMPLEMENTATION): 0
  PHASE2 (REVIEW): 0
  PHASE3 (MAINTAIN DOCS): 0
  PHASE4 (SYNC): 0
  PHASE5 (SELF-REFLECTION): 0
  PHASE6 (ARCHIVE): 0
================================
2026-03-13T15:08:06Z [VERBOSE] State updated: PHASE1 (iteration 1, complete: false)
2026-03-13T15:08:06Z [VERBOSE] Using command: /osx-phase1
2026-03-13T15:08:06Z [VERBOSE] Using agent: osx-builder
2026-03-13T15:08:06Z [VERBOSE] Session title: OpenSpec: add-carapace-completion - IMPLEMENTATION
================================
Progress Summary
================================
Change ID: add-carapace-completion
Change directory: openspec/changes/add-carapace-completion

Current phase: PHASE1 - IMPLEMENTATION
Phase iteration: 1

Total invocations: 2
Elapsed time: 32m 46s
Log file: .osx-orchestrate-add-carapace-completion.log

Iterations by phase:
  PHASE0 (ARTIFACT REVIEW): 1
  PHASE1 (IMPLEMENTATION): 1
  PHASE2 (REVIEW): 0
  PHASE3 (MAINTAIN DOCS): 0
  PHASE4 (SYNC): 0
  PHASE5 (SELF-REFLECTION): 0
  PHASE6 (ARCHIVE): 0
================================
2026-03-13T15:35:47Z [VERBOSE] State updated: PHASE2 (iteration 1, complete: false)
2026-03-13T15:35:47Z [VERBOSE] Using command: /osx-phase2
2026-03-13T15:35:47Z [VERBOSE] Using agent: osx-analyzer
2026-03-13T15:35:47Z [VERBOSE] Session title: OpenSpec: add-carapace-completion - REVIEW
================================
Progress Summary
================================
Change ID: add-carapace-completion
Change directory: openspec/changes/add-carapace-completion

Current phase: PHASE2 - REVIEW
Phase iteration: 1

Total invocations: 3
Elapsed time: 36m 35s
Log file: .osx-orchestrate-add-carapace-completion.log

Iterations by phase:
  PHASE0 (ARTIFACT REVIEW): 1
  PHASE1 (IMPLEMENTATION): 1
  PHASE2 (REVIEW): 1
  PHASE3 (MAINTAIN DOCS): 0
  PHASE4 (SYNC): 0
  PHASE5 (SELF-REFLECTION): 0
  PHASE6 (ARCHIVE): 0
================================
2026-03-13T15:39:36Z [VERBOSE] State updated: PHASE3 (iteration 1, complete: false)
2026-03-13T15:39:36Z [VERBOSE] Using command: /osx-phase3
2026-03-13T15:39:36Z [VERBOSE] Using agent: osx-maintainer
2026-03-13T15:39:36Z [VERBOSE] Session title: OpenSpec: add-carapace-completion - MAINTAIN DOCS
================================
Progress Summary
================================
Change ID: add-carapace-completion
Change directory: openspec/changes/add-carapace-completion

Current phase: PHASE3 - MAINTAIN DOCS
Phase iteration: 1

Total invocations: 4
Elapsed time: 39m 22s
Log file: .osx-orchestrate-add-carapace-completion.log

Iterations by phase:
  PHASE0 (ARTIFACT REVIEW): 1
  PHASE1 (IMPLEMENTATION): 1
  PHASE2 (REVIEW): 1
  PHASE3 (MAINTAIN DOCS): 1
  PHASE4 (SYNC): 0
  PHASE5 (SELF-REFLECTION): 0
  PHASE6 (ARCHIVE): 0
================================
2026-03-13T15:42:23Z [VERBOSE] State updated: PHASE4 (iteration 1, complete: false)
2026-03-13T15:42:23Z [VERBOSE] Using command: /osx-phase4
2026-03-13T15:42:23Z [VERBOSE] Using agent: osx-maintainer
2026-03-13T15:42:23Z [VERBOSE] Session title: OpenSpec: add-carapace-completion - SYNC
================================
Progress Summary
================================
Change ID: add-carapace-completion
Change directory: openspec/changes/add-carapace-completion

Current phase: PHASE4 - SYNC
Phase iteration: 1

Total invocations: 5
Elapsed time: 41m 46s
Log file: .osx-orchestrate-add-carapace-completion.log

Iterations by phase:
  PHASE0 (ARTIFACT REVIEW): 1
  PHASE1 (IMPLEMENTATION): 1
  PHASE2 (REVIEW): 1
  PHASE3 (MAINTAIN DOCS): 1
  PHASE4 (SYNC): 1
  PHASE5 (SELF-REFLECTION): 0
  PHASE6 (ARCHIVE): 0
================================
2026-03-13T15:44:48Z [VERBOSE] State updated: PHASE5 (iteration 1, complete: false)
2026-03-13T15:44:48Z [VERBOSE] Using command: /osx-phase5
2026-03-13T15:44:48Z [VERBOSE] Using agent: osx-analyzer
2026-03-13T15:44:48Z [VERBOSE] Session title: OpenSpec: add-carapace-completion - SELF-REFLECTION
================================
Progress Summary
================================
Change ID: add-carapace-completion
Change directory: openspec/changes/add-carapace-completion

Current phase: PHASE5 - SELF-REFLECTION
Phase iteration: 1

Total invocations: 6
Elapsed time: 44m 5s
Log file: .osx-orchestrate-add-carapace-completion.log

Iterations by phase:
  PHASE0 (ARTIFACT REVIEW): 1
  PHASE1 (IMPLEMENTATION): 1
  PHASE2 (REVIEW): 1
  PHASE3 (MAINTAIN DOCS): 1
  PHASE4 (SYNC): 1
  PHASE5 (SELF-REFLECTION): 1
  PHASE6 (ARCHIVE): 0
================================
2026-03-13T15:47:06Z [VERBOSE] State updated: PHASE6 (iteration 1, complete: false)
2026-03-13T15:47:06Z [VERBOSE] Using command: /osx-phase6
2026-03-13T15:47:06Z [VERBOSE] Using agent: osx-maintainer
2026-03-13T15:47:06Z [VERBOSE] Session title: OpenSpec: add-carapace-completion - ARCHIVE
