2026-03-19T10:48:08Z [VERBOSE] State files cleaned, starting fresh
2026-03-19T10:48:08Z [VERBOSE] Tool found: git
2026-03-19T10:48:08Z [VERBOSE] Tool found: jq
2026-03-19T10:48:08Z [VERBOSE] Tool found: openspec
2026-03-19T10:48:08Z [VERBOSE] Detected platform: OpenCode
2026-03-19T10:48:08Z [VERBOSE] Tool found: opencode
2026-03-19T10:48:08Z [VERBOSE] All required skills found
2026-03-19T10:48:08Z [VERBOSE] All required commands found
2026-03-19T10:48:08Z [VERBOSE] Git repository is ready
2026-03-19T10:48:08Z [VERBOSE] Change directory validated
2026-03-19T10:48:08Z [VERBOSE] Baseline recorded: 747e52d0a96ce3c005a248c9a53e392ad0335ab7
2026-03-19T10:48:09Z [VERBOSE] State updated: PHASE0 (iteration 1, complete: false)
2026-03-19T10:48:09Z [VERBOSE] Using command: /osx-phase0
2026-03-19T10:48:09Z [VERBOSE] Using agent: osx-analyzer
2026-03-19T10:48:09Z [VERBOSE] Session title: OpenSpec: domain-restructure - ARTIFACT REVIEW
================================
Progress Summary
================================
Change ID: domain-restructure
Change directory: openspec/changes/domain-restructure

Current phase: PHASE0 - ARTIFACT REVIEW
Phase iteration: 1

Total invocations: 1
Elapsed time: 12m 40s
Log file: .osx-orchestrate-domain-restructure.log

Iterations by phase:
  PHASE0 (ARTIFACT REVIEW): 1
  PHASE1 (IMPLEMENTATION): 0
  PHASE2 (REVIEW): 0
  PHASE3 (MAINTAIN DOCS): 0
  PHASE4 (SYNC): 0
  PHASE5 (SELF-REFLECTION): 0
  PHASE6 (ARCHIVE): 0
================================
2026-03-19T11:00:49Z [VERBOSE] State updated: PHASE1 (iteration 1, complete: false)
2026-03-19T11:00:49Z [VERBOSE] Using command: /osx-phase1
2026-03-19T11:00:49Z [VERBOSE] Using agent: osx-builder
2026-03-19T11:00:49Z [VERBOSE] Session title: OpenSpec: domain-restructure - IMPLEMENTATION
2026-03-19T11:30:28Z [VERBOSE] State updated: PHASE1 (iteration 2, complete: false)
2026-03-19T11:30:28Z [VERBOSE] Using command: /osx-phase1
2026-03-19T11:30:28Z [VERBOSE] Using agent: osx-builder
2026-03-19T11:30:28Z [VERBOSE] Session title: OpenSpec: domain-restructure - IMPLEMENTATION
================================
Progress Summary
================================
Change ID: domain-restructure
Change directory: openspec/changes/domain-restructure

Current phase: PHASE1 - IMPLEMENTATION
Phase iteration: 2

Total invocations: 3
Elapsed time: 76m 7s
Log file: .osx-orchestrate-domain-restructure.log

Iterations by phase:
  PHASE0 (ARTIFACT REVIEW): 1
  PHASE1 (IMPLEMENTATION): 2
  PHASE2 (REVIEW): 0
  PHASE3 (MAINTAIN DOCS): 0
  PHASE4 (SYNC): 0
  PHASE5 (SELF-REFLECTION): 0
  PHASE6 (ARCHIVE): 0
================================
2026-03-19T12:04:15Z [VERBOSE] State updated: PHASE2 (iteration 1, complete: false)
2026-03-19T12:04:15Z [VERBOSE] Using command: /osx-phase2
2026-03-19T12:04:15Z [VERBOSE] Using agent: osx-analyzer
2026-03-19T12:04:15Z [VERBOSE] Session title: OpenSpec: domain-restructure - REVIEW
================================
Progress Summary
================================
Change ID: domain-restructure
Change directory: openspec/changes/domain-restructure

Current phase: PHASE2 - REVIEW
Phase iteration: 1

Total invocations: 4
Elapsed time: 88m 32s
Log file: .osx-orchestrate-domain-restructure.log

Iterations by phase:
  PHASE0 (ARTIFACT REVIEW): 1
  PHASE1 (IMPLEMENTATION): 2
  PHASE2 (REVIEW): 1
  PHASE3 (MAINTAIN DOCS): 0
  PHASE4 (SYNC): 0
  PHASE5 (SELF-REFLECTION): 0
  PHASE6 (ARCHIVE): 0
================================
2026-03-19T12:16:40Z [VERBOSE] State updated: PHASE3 (iteration 1, complete: false)
2026-03-19T12:16:40Z [VERBOSE] Using command: /osx-phase3
2026-03-19T12:16:40Z [VERBOSE] Using agent: osx-maintainer
2026-03-19T12:16:40Z [VERBOSE] Session title: OpenSpec: domain-restructure - MAINTAIN DOCS
================================
Progress Summary
================================
Change ID: domain-restructure
Change directory: openspec/changes/domain-restructure

Current phase: PHASE3 - MAINTAIN DOCS
Phase iteration: 1

Total invocations: 5
Elapsed time: 92m 18s
Log file: .osx-orchestrate-domain-restructure.log

Iterations by phase:
  PHASE0 (ARTIFACT REVIEW): 1
  PHASE1 (IMPLEMENTATION): 2
  PHASE2 (REVIEW): 1
  PHASE3 (MAINTAIN DOCS): 1
  PHASE4 (SYNC): 0
  PHASE5 (SELF-REFLECTION): 0
  PHASE6 (ARCHIVE): 0
================================
2026-03-19T12:20:26Z [VERBOSE] State updated: PHASE4 (iteration 1, complete: false)
2026-03-19T12:20:26Z [VERBOSE] Using command: /osx-phase4
2026-03-19T12:20:26Z [VERBOSE] Using agent: osx-maintainer
2026-03-19T12:20:26Z [VERBOSE] Session title: OpenSpec: domain-restructure - SYNC
================================
Progress Summary
================================
Change ID: domain-restructure
Change directory: openspec/changes/domain-restructure

Current phase: PHASE4 - SYNC
Phase iteration: 1

Total invocations: 6
Elapsed time: 97m 58s
Log file: .osx-orchestrate-domain-restructure.log

Iterations by phase:
  PHASE0 (ARTIFACT REVIEW): 1
  PHASE1 (IMPLEMENTATION): 2
  PHASE2 (REVIEW): 1
  PHASE3 (MAINTAIN DOCS): 1
  PHASE4 (SYNC): 1
  PHASE5 (SELF-REFLECTION): 0
  PHASE6 (ARCHIVE): 0
================================
2026-03-19T12:26:06Z [VERBOSE] State updated: PHASE5 (iteration 1, complete: false)
2026-03-19T12:26:06Z [VERBOSE] Using command: /osx-phase5
2026-03-19T12:26:06Z [VERBOSE] Using agent: osx-analyzer
2026-03-19T12:26:06Z [VERBOSE] Session title: OpenSpec: domain-restructure - SELF-REFLECTION
================================
Progress Summary
================================
Change ID: domain-restructure
Change directory: openspec/changes/domain-restructure

Current phase: PHASE5 - SELF-REFLECTION
Phase iteration: 1

Total invocations: 7
Elapsed time: 101m 44s
Log file: .osx-orchestrate-domain-restructure.log

Iterations by phase:
  PHASE0 (ARTIFACT REVIEW): 1
  PHASE1 (IMPLEMENTATION): 2
  PHASE2 (REVIEW): 1
  PHASE3 (MAINTAIN DOCS): 1
  PHASE4 (SYNC): 1
  PHASE5 (SELF-REFLECTION): 1
  PHASE6 (ARCHIVE): 0
================================
2026-03-19T12:29:52Z [VERBOSE] State updated: PHASE6 (iteration 1, complete: false)
2026-03-19T12:29:52Z [VERBOSE] Using command: /osx-phase6
2026-03-19T12:29:52Z [VERBOSE] Using agent: osx-maintainer
2026-03-19T12:29:52Z [VERBOSE] Session title: OpenSpec: domain-restructure - ARCHIVE
