2026-03-19T16:45:25Z [VERBOSE] State files cleaned, starting fresh
2026-03-19T16:45:25Z [VERBOSE] Tool found: git
2026-03-19T16:45:25Z [VERBOSE] Tool found: jq
2026-03-19T16:45:25Z [VERBOSE] Tool found: openspec
2026-03-19T16:45:25Z [VERBOSE] Detected platform: OpenCode
2026-03-19T16:45:25Z [VERBOSE] Tool found: opencode
2026-03-19T16:45:25Z [VERBOSE] All required skills found
2026-03-19T16:45:25Z [VERBOSE] All required commands found
2026-03-19T16:45:25Z [VERBOSE] Git repository is ready
2026-03-19T16:45:25Z [VERBOSE] Change directory validated
2026-03-19T16:45:25Z [VERBOSE] Baseline recorded: ee1fb078e670d602084c4f01662c5f998571b224
2026-03-19T16:45:25Z [VERBOSE] State updated: PHASE0 (iteration 1, complete: false)
2026-03-19T16:45:25Z [VERBOSE] Using command: /osx-phase0
2026-03-19T16:45:25Z [VERBOSE] Using agent: osx-analyzer
2026-03-19T16:45:25Z [VERBOSE] Session title: OpenSpec: infrastructure-restructure - ARTIFACT REVIEW
================================
Progress Summary
================================
Change ID: infrastructure-restructure
Change directory: openspec/changes/infrastructure-restructure

Current phase: PHASE0 - ARTIFACT REVIEW
Phase iteration: 1

Total invocations: 1
Elapsed time: 2m 8s
Log file: .osx-orchestrate-infrastructure-restructure.log

Iterations by phase:
  PHASE0 (ARTIFACT REVIEW): 1
  PHASE1 (IMPLEMENTATION): 0
  PHASE2 (REVIEW): 0
  PHASE3 (MAINTAIN DOCS): 0
  PHASE4 (SYNC): 0
  PHASE5 (SELF-REFLECTION): 0
  PHASE6 (ARCHIVE): 0
================================
2026-03-19T16:47:33Z [VERBOSE] State updated: PHASE1 (iteration 1, complete: false)
2026-03-19T16:47:33Z [VERBOSE] Using command: /osx-phase1
2026-03-19T16:47:33Z [VERBOSE] Using agent: osx-builder
2026-03-19T16:47:33Z [VERBOSE] Session title: OpenSpec: infrastructure-restructure - IMPLEMENTATION
================================
Progress Summary
================================
Change ID: infrastructure-restructure
Change directory: openspec/changes/infrastructure-restructure

Current phase: PHASE1 - IMPLEMENTATION
Phase iteration: 1

Total invocations: 2
Elapsed time: 41m 24s
Log file: .osx-orchestrate-infrastructure-restructure.log

Iterations by phase:
  PHASE0 (ARTIFACT REVIEW): 1
  PHASE1 (IMPLEMENTATION): 1
  PHASE2 (REVIEW): 0
  PHASE3 (MAINTAIN DOCS): 0
  PHASE4 (SYNC): 0
  PHASE5 (SELF-REFLECTION): 0
  PHASE6 (ARCHIVE): 0
================================
2026-03-19T17:26:49Z [VERBOSE] State updated: PHASE2 (iteration 1, complete: false)
2026-03-19T17:26:49Z [VERBOSE] Using command: /osx-phase2
2026-03-19T17:26:49Z [VERBOSE] Using agent: osx-analyzer
2026-03-19T17:26:49Z [VERBOSE] Session title: OpenSpec: infrastructure-restructure - REVIEW
================================
Progress Summary
================================
Change ID: infrastructure-restructure
Change directory: openspec/changes/infrastructure-restructure

Current phase: PHASE2 - REVIEW
Phase iteration: 1

Total invocations: 3
Elapsed time: 43m 8s
Log file: .osx-orchestrate-infrastructure-restructure.log

Iterations by phase:
  PHASE0 (ARTIFACT REVIEW): 1
  PHASE1 (IMPLEMENTATION): 1
  PHASE2 (REVIEW): 1
  PHASE3 (MAINTAIN DOCS): 0
  PHASE4 (SYNC): 0
  PHASE5 (SELF-REFLECTION): 0
  PHASE6 (ARCHIVE): 0
================================
2026-03-19T17:28:33Z [VERBOSE] State updated: PHASE3 (iteration 1, complete: false)
2026-03-19T17:28:33Z [VERBOSE] Using command: /osx-phase3
2026-03-19T17:28:33Z [VERBOSE] Using agent: osx-maintainer
2026-03-19T17:28:33Z [VERBOSE] Session title: OpenSpec: infrastructure-restructure - MAINTAIN DOCS
================================
Progress Summary
================================
Change ID: infrastructure-restructure
Change directory: openspec/changes/infrastructure-restructure

Current phase: PHASE3 - MAINTAIN DOCS
Phase iteration: 1

Total invocations: 4
Elapsed time: 46m 46s
Log file: .osx-orchestrate-infrastructure-restructure.log

Iterations by phase:
  PHASE0 (ARTIFACT REVIEW): 1
  PHASE1 (IMPLEMENTATION): 1
  PHASE2 (REVIEW): 1
  PHASE3 (MAINTAIN DOCS): 1
  PHASE4 (SYNC): 0
  PHASE5 (SELF-REFLECTION): 0
  PHASE6 (ARCHIVE): 0
================================
2026-03-19T17:32:11Z [VERBOSE] State updated: PHASE4 (iteration 1, complete: false)
2026-03-19T17:32:11Z [VERBOSE] Using command: /osx-phase4
2026-03-19T17:32:11Z [VERBOSE] Using agent: osx-maintainer
2026-03-19T17:32:11Z [VERBOSE] Session title: OpenSpec: infrastructure-restructure - SYNC
================================
Progress Summary
================================
Change ID: infrastructure-restructure
Change directory: openspec/changes/infrastructure-restructure

Current phase: PHASE4 - SYNC
Phase iteration: 1

Total invocations: 5
Elapsed time: 48m 29s
Log file: .osx-orchestrate-infrastructure-restructure.log

Iterations by phase:
  PHASE0 (ARTIFACT REVIEW): 1
  PHASE1 (IMPLEMENTATION): 1
  PHASE2 (REVIEW): 1
  PHASE3 (MAINTAIN DOCS): 1
  PHASE4 (SYNC): 1
  PHASE5 (SELF-REFLECTION): 0
  PHASE6 (ARCHIVE): 0
================================
2026-03-19T17:33:54Z [VERBOSE] State updated: PHASE5 (iteration 1, complete: false)
2026-03-19T17:33:54Z [VERBOSE] Using command: /osx-phase5
2026-03-19T17:33:54Z [VERBOSE] Using agent: osx-analyzer
2026-03-19T17:33:54Z [VERBOSE] Session title: OpenSpec: infrastructure-restructure - SELF-REFLECTION
2026-03-19T17:35:33Z [VERBOSE] State updated: PHASE5 (iteration 2, complete: false)
2026-03-19T17:35:33Z [VERBOSE] Using command: /osx-phase5
2026-03-19T17:35:33Z [VERBOSE] Using agent: osx-analyzer
2026-03-19T17:35:33Z [VERBOSE] Session title: OpenSpec: infrastructure-restructure - SELF-REFLECTION
2026-03-19T17:36:44Z [VERBOSE] State updated: PHASE5 (iteration 3, complete: false)
2026-03-19T17:36:44Z [VERBOSE] Using command: /osx-phase5
2026-03-19T17:36:44Z [VERBOSE] Using agent: osx-analyzer
2026-03-19T17:36:44Z [VERBOSE] Session title: OpenSpec: infrastructure-restructure - SELF-REFLECTION
================================
Progress Summary
================================
Change ID: infrastructure-restructure
Change directory: openspec/changes/infrastructure-restructure

Current phase: PHASE5 - SELF-REFLECTION
Phase iteration: 3

Total invocations: 8
Elapsed time: 52m 55s
Log file: .osx-orchestrate-infrastructure-restructure.log

Iterations by phase:
  PHASE0 (ARTIFACT REVIEW): 1
  PHASE1 (IMPLEMENTATION): 1
  PHASE2 (REVIEW): 1
  PHASE3 (MAINTAIN DOCS): 1
  PHASE4 (SYNC): 1
  PHASE5 (SELF-REFLECTION): 3
  PHASE6 (ARCHIVE): 0
================================
2026-03-19T17:38:20Z [VERBOSE] Reason: retry_requested
2026-03-19T17:38:20Z [VERBOSE] Details: Self-reflection complete, proceeding to ARCHIVE phase.
2026-03-19T17:38:21Z [VERBOSE] State updated: PHASE6 (iteration 1, complete: false)
2026-03-19T17:38:21Z [VERBOSE] Using command: /osx-phase6
2026-03-19T17:38:21Z [VERBOSE] Using agent: osx-maintainer
2026-03-19T17:38:21Z [VERBOSE] Session title: OpenSpec: infrastructure-restructure - ARCHIVE
